<?xml version="1.0" encoding="UTF-8"?>
<!-- Generated by org.testng.reporters.JUnitReportReporter -->
<testsuite hostname="Thoushika" failures="0" tests="2" name="com.Dataprovider.DataProviderExcel" time="15.767" errors="0" timestamp="2025-03-25T21:58:42 IST" skipped="0">
  <testcase classname="com.Dataprovider.DataProviderExcel" name="search" time="8.045"/>
  <testcase classname="com.Dataprovider.DataProviderExcel" name="search" time="7.722"/>
</testsuite> <!-- com.Dataprovider.DataProviderExcel -->
