<?xml version="1.0" encoding="UTF-8"?>
<!-- Generated by org.testng.reporters.JUnitReportReporter -->
<testsuite hostname="Thoushika" failures="0" tests="2" name="com.Dataprovider.DataproviderExample1" time="4.831" errors="0" timestamp="2025-03-25T14:26:01 IST" skipped="0">
  <testcase classname="com.Dataprovider.DataproviderExample1" name="search" time="2.865"/>
  <testcase classname="com.Dataprovider.DataproviderExample1" name="search" time="1.966"/>
</testsuite> <!-- com.Dataprovider.DataproviderExample1 -->
