<?xml version="1.0" encoding="UTF-8"?>
<!-- Generated by org.testng.reporters.JUnitReportReporter -->
<testsuite hostname="Thoushika" failures="0" tests="4" name="com.Dataprovider.DataProviderExample3" time="35.635" errors="0" timestamp="2025-03-25T20:53:32 IST" skipped="0">
  <testcase classname="com.Dataprovider.DataProviderExample3" name="search" time="9.275"/>
  <testcase classname="com.Dataprovider.DataProviderExample3" name="search" time="9.474"/>
  <testcase classname="com.Dataprovider.DataProviderExample3" name="search" time="7.838"/>
  <testcase classname="com.Dataprovider.DataProviderExample3" name="search" time="9.048"/>
</testsuite> <!-- com.Dataprovider.DataProviderExample3 -->
