<?xml version="1.0" encoding="UTF-8"?>
<!-- Generated by org.testng.reporters.JUnitReportReporter -->
<testsuite hostname="Thoushika" failures="0" tests="3" name="com.Dataprovider.DataproviderExample2" time="18.022" errors="0" timestamp="2025-03-25T20:31:12 IST" skipped="0">
  <testcase classname="com.Dataprovider.DataproviderExample2" name="search" time="5.303"/>
  <testcase classname="com.Dataprovider.DataproviderExample2" name="search" time="7.013"/>
  <testcase classname="com.Dataprovider.DataproviderExample2" name="search" time="5.706"/>
</testsuite> <!-- com.Dataprovider.DataproviderExample2 -->
