<?xml version="1.0" encoding="UTF-8"?>
<!-- Generated by org.testng.reporters.JUnitReportReporter -->
<testsuite hostname="Thoushika" failures="0" tests="2" name="com.Dataprovider.DataProviderExcel" time="13.179" errors="0" timestamp="2025-03-26T19:22:57 IST" skipped="0">
  <testcase classname="com.Dataprovider.DataProviderExcel" name="search" time="6.338"/>
  <testcase classname="com.Dataprovider.DataProviderExcel" name="search" time="6.841"/>
</testsuite> <!-- com.Dataprovider.DataProviderExcel -->
