<?xml version="1.0" encoding="UTF-8"?>
<!-- Generated by org.testng.reporters.JUnitReportReporter -->
<testsuite hostname="Thoushika" failures="0" tests="1" name="com.Pages.BasePage" time="0.012" errors="0" timestamp="2025-03-26T22:02:20 IST" skipped="0">
  <testcase classname="com.Pages.BasePage" name="f" time="0.012"/>
</testsuite> <!-- com.Pages.BasePage -->
