<?xml version="1.0" encoding="UTF-8"?>
<!-- Generated by org.testng.reporters.JUnitReportReporter -->
<testsuite hostname="Thoushika" failures="0" tests="1" name="com.tests1.DashboardTest1" time="9.024" errors="0" timestamp="2025-03-25T10:15:30 IST" skipped="0">
  <testcase classname="com.tests1.DashboardTest1" name="verifyDashboardTitle" time="9.024"/>
</testsuite> <!-- com.tests1.DashboardTest1 -->
