<?xml version="1.0" encoding="UTF-8"?>
<!-- Generated by org.testng.reporters.JUnitReportReporter -->
<testsuite hostname="Thoushika" failures="0" tests="2" name="com.testng.TestNG_Task1" time="5.034" errors="0" timestamp="2025-03-24T12:05:35 IST" skipped="0">
  <testcase classname="com.testng.TestNG_Task1" name="LogInValidation" time="2.668"/>
  <testcase classname="com.testng.TestNG_Task1" name="verifyLogin" time="2.366"/>
</testsuite> <!-- com.testng.TestNG_Task1 -->
