<?xml version="1.0" encoding="UTF-8"?>
<!-- Generated by org.testng.reporters.JUnitReportReporter -->
<testsuite hostname="Thoushika" failures="0" tests="1" name="com.tests.LoginTest" time="8.557" errors="0" timestamp="2025-03-25T10:26:59 IST" skipped="0">
  <testcase classname="com.tests.LoginTest" name="testLogin" time="8.557"/>
</testsuite> <!-- com.tests.LoginTest -->
