<?xml version="1.0" encoding="UTF-8"?>
<!-- Generated by org.testng.reporters.JUnitReportReporter -->
<testsuite hostname="Thoushika" failures="0" tests="1" name="com.tests.LoginTest" time="0.671" errors="0" timestamp="2025-03-24T15:33:17 IST" skipped="0">
  <testcase classname="com.tests.LoginTest" name="testLogin" time="0.671"/>
</testsuite> <!-- com.tests.LoginTest -->
