<?xml version="1.0" encoding="UTF-8"?>
<!-- Generated by org.testng.reporters.JUnitReportReporter -->
<testsuite hostname="Thoushika" failures="0" tests="5" name="com.testng.TestPriorityPractice" time="0.011" errors="0" timestamp="2025-03-21T12:47:24 IST" skipped="2">
  <testcase classname="com.testng.TestPriorityPractice" name="d" time="0.002"/>
  <testcase classname="com.testng.TestPriorityPractice" name="c" time="0.007"/>
  <testcase classname="com.testng.TestPriorityPractice" name="e" time="0.002"/>
  <testcase classname="com.testng.TestPriorityPractice" name="a">
    <skipped/>
  </testcase> <!-- a -->
  <testcase classname="com.testng.TestPriorityPractice" name="b">
    <skipped/>
  </testcase> <!-- b -->
</testsuite> <!-- com.testng.TestPriorityPractice -->
