<?xml version="1.0" encoding="UTF-8"?>
<!-- Generated by org.testng.reporters.JUnitReportReporter -->
<testsuite hostname="Thoushika" failures="0" tests="2" name="com.testng.ParameterizedTest" time="0.014" errors="0" timestamp="2025-03-21T15:03:44 IST" skipped="0">
  <testcase classname="com.testng.ParameterizedTest" name="sum" time="0.012"/>
  <testcase classname="com.testng.ParameterizedTest" name="sum1" time="0.002"/>
</testsuite> <!-- com.testng.ParameterizedTest -->
