<?xml version="1.0" encoding="UTF-8"?>
<!-- Generated by org.testng.reporters.JUnitReportReporter -->
<testsuite hostname="Thoushika" failures="0" tests="1" name="com.testng.NewTest" time="0.156" errors="0" timestamp="2025-03-20T15:18:34 IST" skipped="0">
  <testcase classname="com.testng.NewTest" name="validation" time="0.156"/>
</testsuite> <!-- com.testng.NewTest -->
