<?xml version="1.0" encoding="UTF-8"?>
<!-- Generated by org.testng.reporters.JUnitReportReporter -->
<testsuite hostname="Thoushika" failures="0" tests="1" name="com.testng.QafoxAssertions" time="3.686" errors="0" timestamp="2025-03-20T20:17:44 IST" skipped="0">
  <testcase classname="com.testng.QafoxAssertions" name="HomePage" time="3.686"/>
</testsuite> <!-- com.testng.QafoxAssertions -->
