<?xml version="1.0" encoding="UTF-8"?>
<!-- Generated by org.testng.reporters.JUnitReportReporter -->
<testsuite hostname="Thoushika" failures="0" tests="1" name="com.testng.GooglePagePOM" time="11.118" errors="0" timestamp="2025-03-24T20:53:58 IST" skipped="0">
  <testcase classname="com.testng.GooglePagePOM" name="searchFor" time="11.118"/>
</testsuite> <!-- com.testng.GooglePagePOM -->
