<?xml version="1.0" encoding="UTF-8"?>
<!-- Generated by org.testng.reporters.JUnitReportReporter -->
<testsuite hostname="Thoushika" failures="0" tests="3" name="com.testng.GroupsTestNG" time="0.010" errors="0" timestamp="2025-03-21T15:02:23 IST" skipped="0">
  <testcase classname="com.testng.GroupsTestNG" name="f2" time="0.009"/>
  <testcase classname="com.testng.GroupsTestNG" name="f" time="0.001"/>
  <testcase classname="com.testng.GroupsTestNG" name="f1" time="0.000"/>
</testsuite> <!-- com.testng.GroupsTestNG -->
