<?xml version="1.0" encoding="UTF-8"?>
<!-- Generated by org.testng.reporters.JUnitReportReporter -->
<testsuite hostname="Thoushika" failures="0" tests="1" name="com.tests.DashboardTest" time="2.817" errors="0" timestamp="2025-03-24T15:33:17 IST" skipped="0">
  <testcase classname="com.tests.DashboardTest" name="verifyDashboardTitle" time="2.817"/>
</testsuite> <!-- com.tests.DashboardTest -->
