<?xml version="1.0" encoding="UTF-8"?>
<!-- Generated by org.testng.reporters.JUnitReportReporter -->
<testsuite hostname="Thoushika" failures="0" tests="3" name="com.testng.Annotations" time="0.030" errors="0" timestamp="2025-03-21T15:02:23 IST" skipped="0">
  <testcase classname="com.testng.Annotations" name="f1" time="0.015"/>
  <testcase classname="com.testng.Annotations" name="f2" time="0.011"/>
  <testcase classname="com.testng.Annotations" name="f" time="0.004"/>
</testsuite> <!-- com.testng.Annotations -->
