<?xml version="1.0" encoding="UTF-8"?>
<!-- Generated by org.testng.reporters.JUnitReportReporter -->
<testsuite hostname="Thoushika" failures="0" tests="1" name="com.tests1.LoginTest1" time="37.221" errors="0" timestamp="2025-03-25T10:15:30 IST" skipped="0">
  <testcase classname="com.tests1.LoginTest1" name="verifyLogin" time="37.221"/>
</testsuite> <!-- com.tests1.LoginTest1 -->
