<?xml version="1.0" encoding="UTF-8"?>
<!-- Generated by org.testng.reporters.JUnitReportReporter -->
<testsuite hostname="Thoushika" failures="0" tests="1" name="com.testng.AssertDemo2" time="0.013" errors="0" timestamp="2025-03-20T16:16:19 IST" skipped="0">
  <testcase classname="com.testng.AssertDemo2" name="testAssertions" time="0.013"/>
</testsuite> <!-- com.testng.AssertDemo2 -->
